Determining if the pthread_create exist failed with the following output:
Change Dir: /mnt/content/dev/media/player/v2/cmake-build-debug/CMakeFiles/CMakeTmp

Run Build Command:"/usr/bin/make" "cmTC_0b86a/fast"
/usr/bin/make -f CMakeFiles/cmTC_0b86a.dir/build.make CMakeFiles/cmTC_0b86a.dir/build
make[1]: Entering directory '/mnt/content/dev/media/player/v2/cmake-build-debug/CMakeFiles/CMakeTmp'
Building C object CMakeFiles/cmTC_0b86a.dir/CheckSymbolExists.c.o
/usr/bin/cc    -o CMakeFiles/cmTC_0b86a.dir/CheckSymbolExists.c.o   -c /mnt/content/dev/media/player/v2/cmake-build-debug/CMakeFiles/CMakeTmp/CheckSymbolExists.c
Linking C executable cmTC_0b86a
/home/prasad/Software/clion-2018.3.1/bin/cmake/linux/bin/cmake -E cmake_link_script CMakeFiles/cmTC_0b86a.dir/link.txt --verbose=1
/usr/bin/cc      CMakeFiles/cmTC_0b86a.dir/CheckSymbolExists.c.o  -o cmTC_0b86a 
CMakeFiles/cmTC_0b86a.dir/CheckSymbolExists.c.o: In function `main':
CheckSymbolExists.c:(.text+0x1b): undefined reference to `pthread_create'
collect2: error: ld returned 1 exit status
CMakeFiles/cmTC_0b86a.dir/build.make:86: recipe for target 'cmTC_0b86a' failed
make[1]: *** [cmTC_0b86a] Error 1
make[1]: Leaving directory '/mnt/content/dev/media/player/v2/cmake-build-debug/CMakeFiles/CMakeTmp'
Makefile:121: recipe for target 'cmTC_0b86a/fast' failed
make: *** [cmTC_0b86a/fast] Error 2

File /mnt/content/dev/media/player/v2/cmake-build-debug/CMakeFiles/CMakeTmp/CheckSymbolExists.c:
/* */
#include <pthread.h>

int main(int argc, char** argv)
{
  (void)argv;
#ifndef pthread_create
  return ((int*)(&pthread_create))[argc];
#else
  (void)argc;
  return 0;
#endif
}

Determining if the function pthread_create exists in the pthreads failed with the following output:
Change Dir: /mnt/content/dev/media/player/v2/cmake-build-debug/CMakeFiles/CMakeTmp

Run Build Command:"/usr/bin/make" "cmTC_3e036/fast"
/usr/bin/make -f CMakeFiles/cmTC_3e036.dir/build.make CMakeFiles/cmTC_3e036.dir/build
make[1]: Entering directory '/mnt/content/dev/media/player/v2/cmake-build-debug/CMakeFiles/CMakeTmp'
Building C object CMakeFiles/cmTC_3e036.dir/CheckFunctionExists.c.o
/usr/bin/cc   -DCHECK_FUNCTION_EXISTS=pthread_create   -o CMakeFiles/cmTC_3e036.dir/CheckFunctionExists.c.o   -c /home/prasad/Software/clion-2018.3.1/bin/cmake/linux/share/cmake-3.13/Modules/CheckFunctionExists.c
Linking C executable cmTC_3e036
/home/prasad/Software/clion-2018.3.1/bin/cmake/linux/bin/cmake -E cmake_link_script CMakeFiles/cmTC_3e036.dir/link.txt --verbose=1
/usr/bin/cc  -DCHECK_FUNCTION_EXISTS=pthread_create    CMakeFiles/cmTC_3e036.dir/CheckFunctionExists.c.o  -o cmTC_3e036 -lpthreads 
/usr/bin/ld: cannot find -lpthreads
collect2: error: ld returned 1 exit status
CMakeFiles/cmTC_3e036.dir/build.make:86: recipe for target 'cmTC_3e036' failed
make[1]: *** [cmTC_3e036] Error 1
make[1]: Leaving directory '/mnt/content/dev/media/player/v2/cmake-build-debug/CMakeFiles/CMakeTmp'
Makefile:121: recipe for target 'cmTC_3e036/fast' failed
make: *** [cmTC_3e036/fast] Error 2


